[debug] > Exec(early(addDefaultCommands), None, None)
[debug] > Exec(addDefaultCommands, None, None)
[debug] > Exec(early(initialize), None, None)
[debug] > Exec(initialize, None, None)
[debug] > Exec(boot, None, None)
[debug] > Exec(writeSbtVersion, None, None)
[debug] > Exec(reload, None, None)
[debug] > Exec(sbtStashOnFailure, None, None)
[debug] > Exec(onFailure loadFailed, None, None)
[debug] > Exec(loadp, None, None)
[info] welcome to sbt 1.8.0 (Oracle Corporation Java 19.0.2)
[debug] Load.defaultLoad until apply took 184.0701ms
[debug]           Load.loadUnit: plugins took 198.2905ms
[debug]           Load.loadUnit: defsScala took 0.6959ms
[debug] [Loading] Scanning directory C:\Users\soloj\Videos\final\ProyectoIntegrador\project
[debug] [Loading] Found non-root projects 
[debug] [Loading] Done in C:\Users\soloj\Videos\final\ProyectoIntegrador\project, returning: ()
[debug] deducing auto plugins based on known facts Set(Atom(sbt.plugins.CorePlugin)) and clauses Clauses(Clause(Atom(sbt.plugins.JvmPlugin),Set(Atom(sbt.plugins.IvyPlugin)))
[debug] Clause(Atom(sbt.ScriptedPlugin),Set(Atom(sbt.plugins.JvmPlugin)))
[debug] Clause(Atom(sbt.plugins.SbtPlugin),Set(Atom(sbt.ScriptedPlugin)))
[debug] Clause(Atom(sbt.plugins.SemanticdbPlugin),Set(Atom(sbt.plugins.JvmPlugin)))
[debug] Clause(Atom(sbt.plugins.JUnitXmlReportPlugin),Set(Atom(sbt.plugins.JvmPlugin)))
[debug] Clause(Atom(sbt.plugins.MiniDependencyTreePlugin),Set(Atom(sbt.plugins.JvmPlugin)))
[debug] Clause(Atom(sbt.plugins.CorePlugin),Set(Atom(sbt.plugins.IvyPlugin)))
[debug] Clause(Atom(sbt.plugins.IvyPlugin),Set(Atom(sbt.plugins.JvmPlugin)))
[debug] Clause(Atom(sbt.plugins.JvmPlugin),Set(Atom(sbt.plugins.SemanticdbPlugin)))
[debug] Clause(Atom(sbt.plugins.JvmPlugin),Set(Atom(sbt.plugins.JUnitXmlReportPlugin)))
[debug] Clause(Atom(sbt.plugins.CorePlugin),Set(Atom(sbt.plugins.Giter8TemplatePlugin)))
[debug] Clause(Atom(sbt.plugins.JvmPlugin),Set(Atom(sbt.plugins.MiniDependencyTreePlugin))))
[debug]   :: deduced result: Matched(sbt.plugins.CorePlugin,sbt.plugins.Giter8TemplatePlugin,sbt.plugins.IvyPlugin,sbt.plugins.JvmPlugin,sbt.plugins.MiniDependencyTreePlugin,sbt.plugins.JUnitXmlReportPlugin,sbt.plugins.SemanticdbPlugin)
[debug] Plugins.deducer#function took 47.094 ms
[debug]               Load.resolveProject(proyectointegrador-build) took 141.4773ms
[debug]             Load.loadTransitive: finalizeProject(Project(id proyectointegrador-build, base: C:\Users\soloj\Videos\final\ProyectoIntegrador\project, plugins: List(<none>))) took 243.0874ms
[debug] [Loading] Done in C:\Users\soloj\Videos\final\ProyectoIntegrador\project, returning: (proyectointegrador-build)
[debug]           Load.loadUnit: loadedProjectsRaw took 344.6666ms
[debug]           Load.loadUnit: cleanEvalClasses took 0.8074ms
[debug]         Load.loadUnit(file:/C:/Users/soloj/Videos/final/ProyectoIntegrador/project/, ...) took 570.3205ms
[debug]       Load.apply: load took 1231.0913ms
[debug]       Load.apply: resolveProjects took 15.4965ms
[debug]       Load.apply: finalTransforms took 200.3539ms
[debug]       Load.apply: config.delegates took 37.4586ms
[debug]       Load.apply: Def.make(settings)... took 2169.6536ms
[debug]       Load.apply: structureIndex took 105.0357ms
[debug]       Load.apply: mkStreams took 2.6544ms
[info] loading project definition from C:\Users\soloj\Videos\final\ProyectoIntegrador\project
[debug] Running task... Cancel: Signal, check cycles: false, forcegc: true
[debug]     Load.loadUnit: plugins took 5511.0922ms
[debug]     Load.loadUnit: defsScala took 0.022ms
[debug] [Loading] Scanning directory C:\Users\soloj\Videos\final\ProyectoIntegrador
[debug]       Load.loadUnit: mkEval took 6.731ms
[debug] [Loading] Found root project root w/ remaining 
[debug] deducing auto plugins based on known facts Set(Atom(sbt.plugins.CorePlugin)) and clauses Clauses(Clause(Atom(sbt.plugins.JvmPlugin),Set(Atom(sbt.plugins.IvyPlugin)))
[debug] Clause(Atom(sbt.ScriptedPlugin),Set(Atom(sbt.plugins.JvmPlugin)))
[debug] Clause(Atom(sbt.plugins.SbtPlugin),Set(Atom(sbt.ScriptedPlugin)))
[debug] Clause(Atom(sbt.plugins.SemanticdbPlugin),Set(Atom(sbt.plugins.JvmPlugin)))
[debug] Clause(Atom(sbt.plugins.JUnitXmlReportPlugin),Set(Atom(sbt.plugins.JvmPlugin)))
[debug] Clause(Atom(sbt.plugins.MiniDependencyTreePlugin),Set(Atom(sbt.plugins.JvmPlugin)))
[debug] Clause(Atom(sbt.plugins.CorePlugin),Set(Atom(sbt.plugins.IvyPlugin)))
[debug] Clause(Atom(sbt.plugins.IvyPlugin),Set(Atom(sbt.plugins.JvmPlugin)))
[debug] Clause(Atom(sbt.plugins.JvmPlugin),Set(Atom(sbt.plugins.SemanticdbPlugin)))
[debug] Clause(Atom(sbt.plugins.JvmPlugin),Set(Atom(sbt.plugins.JUnitXmlReportPlugin)))
[debug] Clause(Atom(sbt.plugins.CorePlugin),Set(Atom(sbt.plugins.Giter8TemplatePlugin)))
[debug] Clause(Atom(sbt.plugins.JvmPlugin),Set(Atom(sbt.plugins.MiniDependencyTreePlugin))))
[debug]   :: deduced result: Matched(sbt.plugins.CorePlugin,sbt.plugins.Giter8TemplatePlugin,sbt.plugins.IvyPlugin,sbt.plugins.JvmPlugin,sbt.plugins.MiniDependencyTreePlugin,sbt.plugins.JUnitXmlReportPlugin,sbt.plugins.SemanticdbPlugin)
[debug] Plugins.deducer#function took 4.1282 ms
[info] loading settings for project root from build.sbt ...
[debug]         Load.resolveProject(root) took 5.0891ms
[debug]       Load.loadTransitive: finalizeProject(Project(id root, base: C:\Users\soloj\Videos\final\ProyectoIntegrador, plugins: List(<none>))) took 11.303ms
[debug] [Loading] Done in C:\Users\soloj\Videos\final\ProyectoIntegrador, returning: (root)
[debug]     Load.loadUnit: loadedProjectsRaw took 284.0961ms
[debug]     Load.loadUnit: cleanEvalClasses took 21.2197ms
[debug]   Load.loadUnit(file:/C:/Users/soloj/Videos/final/ProyectoIntegrador/, ...) took 5823.0001ms
[debug] Load.apply: load took 5869.3102ms
[debug] Load.apply: resolveProjects took 0.2718ms
[debug] Load.apply: finalTransforms took 12.3807ms
[debug] Load.apply: config.delegates took 0.4036ms
[debug] Load.apply: Def.make(settings)... took 135.2342ms
[debug] Load.apply: structureIndex took 51.4678ms
[debug] Load.apply: mkStreams took 0.0031ms
[info] set current project to ProyectoIntegradorPFR (in build file:/C:/Users/soloj/Videos/final/ProyectoIntegrador/)
[debug] > Exec(sbtPopOnFailure, None, None)
[debug] > Exec(resumeFromFailure, None, None)
[debug] > Exec(notifyUsersAboutShell, None, None)
[debug] > Exec(iflast shell, None, None)
[debug] > Exec(shell, None, None)
[info] sbt server started at local:sbt-server-6084e4ffa34fb5280871
[debug] Writing bsp connection file
[info] started sbt server
