[debug] > Exec(early(addDefaultCommands), None, None)
[debug] > Exec(addDefaultCommands, None, None)
[debug] > Exec(early(initialize), None, None)
[debug] > Exec(initialize, None, None)
[debug] > Exec(boot, None, None)
[debug] > Exec(writeSbtVersion, None, None)
[debug] > Exec(reload, None, None)
[debug] > Exec(sbtStashOnFailure, None, None)
[debug] > Exec(onFailure loadFailed, None, None)
[debug] > Exec(loadp, None, None)
[info] welcome to sbt 1.8.0 (Oracle Corporation Java 19.0.2)
[debug] Load.defaultLoad until apply took 238.7429ms
[debug]           Load.loadUnit: plugins took 139.7572ms
[debug]           Load.loadUnit: defsScala took 0.5667ms
[debug] [Loading] Scanning directory C:\Users\soloj\Videos\final\ProyectoIntegrador\project
[debug] [Loading] Found non-root projects 
[debug] [Loading] Done in C:\Users\soloj\Videos\final\ProyectoIntegrador\project, returning: ()
[debug] deducing auto plugins based on known facts Set(Atom(sbt.plugins.CorePlugin)) and clauses Clauses(Clause(Atom(sbt.plugins.JvmPlugin),Set(Atom(sbt.plugins.IvyPlugin)))
[debug] Clause(Atom(sbt.ScriptedPlugin),Set(Atom(sbt.plugins.JvmPlugin)))
[debug] Clause(Atom(sbt.plugins.SbtPlugin),Set(Atom(sbt.ScriptedPlugin)))
[debug] Clause(Atom(sbt.plugins.SemanticdbPlugin),Set(Atom(sbt.plugins.JvmPlugin)))
[debug] Clause(Atom(sbt.plugins.JUnitXmlReportPlugin),Set(Atom(sbt.plugins.JvmPlugin)))
[debug] Clause(Atom(sbt.plugins.MiniDependencyTreePlugin),Set(Atom(sbt.plugins.JvmPlugin)))
[debug] Clause(Atom(sbt.plugins.CorePlugin),Set(Atom(sbt.plugins.IvyPlugin)))
[debug] Clause(Atom(sbt.plugins.IvyPlugin),Set(Atom(sbt.plugins.JvmPlugin)))
[debug] Clause(Atom(sbt.plugins.JvmPlugin),Set(Atom(sbt.plugins.SemanticdbPlugin)))
[debug] Clause(Atom(sbt.plugins.JvmPlugin),Set(Atom(sbt.plugins.JUnitXmlReportPlugin)))
[debug] Clause(Atom(sbt.plugins.CorePlugin),Set(Atom(sbt.plugins.Giter8TemplatePlugin)))
[debug] Clause(Atom(sbt.plugins.JvmPlugin),Set(Atom(sbt.plugins.MiniDependencyTreePlugin))))
[debug]   :: deduced result: Matched(sbt.plugins.CorePlugin,sbt.plugins.Giter8TemplatePlugin,sbt.plugins.IvyPlugin,sbt.plugins.JvmPlugin,sbt.plugins.MiniDependencyTreePlugin,sbt.plugins.JUnitXmlReportPlugin,sbt.plugins.SemanticdbPlugin)
[debug] Plugins.deducer#function took 37.0657 ms
[debug]               Load.resolveProject(proyectointegrador-build) took 161.5826ms
[debug]             Load.loadTransitive: finalizeProject(Project(id proyectointegrador-build, base: C:\Users\soloj\Videos\final\ProyectoIntegrador\project, plugins: List(<none>))) took 235.4813ms
[debug] [Loading] Done in C:\Users\soloj\Videos\final\ProyectoIntegrador\project, returning: (proyectointegrador-build)
[debug]           Load.loadUnit: loadedProjectsRaw took 273.3562ms
[debug]           Load.loadUnit: cleanEvalClasses took 0.5145ms
[debug]         Load.loadUnit(file:/C:/Users/soloj/Videos/final/ProyectoIntegrador/project/, ...) took 429.801ms
[debug]       Load.apply: load took 1263.082ms
[debug]       Load.apply: resolveProjects took 13.2535ms
[debug]       Load.apply: finalTransforms took 155.332ms
[debug]       Load.apply: config.delegates took 51.2549ms
[debug]       Load.apply: Def.make(settings)... took 670.9302ms
[debug]       Load.apply: structureIndex took 130.8201ms
[debug]       Load.apply: mkStreams took 2.1148ms
[info] loading project definition from C:\Users\soloj\Videos\final\ProyectoIntegrador\project
[debug] Running task... Cancel: Signal, check cycles: false, forcegc: true
[debug]     Load.loadUnit: plugins took 4025.6844ms
[debug]     Load.loadUnit: defsScala took 0.0169ms
[debug] [Loading] Scanning directory C:\Users\soloj\Videos\final\ProyectoIntegrador
[debug]       Load.loadUnit: mkEval took 7.3477ms
[debug] [Loading] Found root project root w/ remaining 
[debug] deducing auto plugins based on known facts Set(Atom(sbt.plugins.CorePlugin)) and clauses Clauses(Clause(Atom(sbt.plugins.JvmPlugin),Set(Atom(sbt.plugins.IvyPlugin)))
[debug] Clause(Atom(sbt.ScriptedPlugin),Set(Atom(sbt.plugins.JvmPlugin)))
[debug] Clause(Atom(sbt.plugins.SbtPlugin),Set(Atom(sbt.ScriptedPlugin)))
[debug] Clause(Atom(sbt.plugins.SemanticdbPlugin),Set(Atom(sbt.plugins.JvmPlugin)))
[debug] Clause(Atom(sbt.plugins.JUnitXmlReportPlugin),Set(Atom(sbt.plugins.JvmPlugin)))
[debug] Clause(Atom(sbt.plugins.MiniDependencyTreePlugin),Set(Atom(sbt.plugins.JvmPlugin)))
[debug] Clause(Atom(sbt.plugins.CorePlugin),Set(Atom(sbt.plugins.IvyPlugin)))
[debug] Clause(Atom(sbt.plugins.IvyPlugin),Set(Atom(sbt.plugins.JvmPlugin)))
[debug] Clause(Atom(sbt.plugins.JvmPlugin),Set(Atom(sbt.plugins.SemanticdbPlugin)))
[debug] Clause(Atom(sbt.plugins.JvmPlugin),Set(Atom(sbt.plugins.JUnitXmlReportPlugin)))
[debug] Clause(Atom(sbt.plugins.CorePlugin),Set(Atom(sbt.plugins.Giter8TemplatePlugin)))
[debug] Clause(Atom(sbt.plugins.JvmPlugin),Set(Atom(sbt.plugins.MiniDependencyTreePlugin))))
[debug]   :: deduced result: Matched(sbt.plugins.CorePlugin,sbt.plugins.Giter8TemplatePlugin,sbt.plugins.IvyPlugin,sbt.plugins.JvmPlugin,sbt.plugins.MiniDependencyTreePlugin,sbt.plugins.JUnitXmlReportPlugin,sbt.plugins.SemanticdbPlugin)
[debug] Plugins.deducer#function took 5.6324 ms
[info] loading settings for project root from build.sbt ...
[debug]         Load.resolveProject(root) took 4.1515ms
[debug]       Load.loadTransitive: finalizeProject(Project(id root, base: C:\Users\soloj\Videos\final\ProyectoIntegrador, plugins: List(<none>))) took 12.1966ms
[debug] [Loading] Done in C:\Users\soloj\Videos\final\ProyectoIntegrador, returning: (root)
[debug]     Load.loadUnit: loadedProjectsRaw took 282.6693ms
[debug]     Load.loadUnit: cleanEvalClasses took 27.0187ms
[debug]   Load.loadUnit(file:/C:/Users/soloj/Videos/final/ProyectoIntegrador/, ...) took 4340.01ms
[debug] Load.apply: load took 4374.87ms
[debug] Load.apply: resolveProjects took 0.2461ms
[debug] Load.apply: finalTransforms took 20.958ms
[debug] Load.apply: config.delegates took 0.9468ms
[debug] Load.apply: Def.make(settings)... took 198.8358ms
[debug] Load.apply: structureIndex took 84.221ms
[debug] Load.apply: mkStreams took 0.0066ms
[info] set current project to ProyectoIntegradorPFR (in build file:/C:/Users/soloj/Videos/final/ProyectoIntegrador/)
[debug] > Exec(sbtPopOnFailure, None, None)
[debug] > Exec(resumeFromFailure, None, None)
[debug] > Exec(notifyUsersAboutShell, None, None)
[debug] > Exec(iflast shell, None, None)
[debug] > Exec(shell, None, None)
[info] sbt server started at local:sbt-server-6084e4ffa34fb5280871
[debug] Writing bsp connection file
[info] started sbt server
