[debug] > Exec(early(addDefaultCommands), None, None)
[debug] > Exec(addDefaultCommands, None, None)
[debug] > Exec(early(initialize), None, None)
[debug] > Exec(initialize, None, None)
[debug] > Exec(boot, None, None)
[debug] > Exec(writeSbtVersion, None, None)
[info] Updated file C:\Users\soloj\Videos\final\ProyectoIntegrador\project\build.properties: set sbt.version to 1.8.0
[debug] > Exec(reload, None, None)
[debug] > Exec(sbtStashOnFailure, None, None)
[debug] > Exec(onFailure loadFailed, None, None)
[debug] > Exec(loadp, None, None)
[info] welcome to sbt 1.8.0 (Oracle Corporation Java 19.0.2)
[debug] Load.defaultLoad until apply took 85.6338ms
[debug]           Load.loadUnit: plugins took 110.3258ms
[debug]           Load.loadUnit: defsScala took 0.348ms
[debug] [Loading] Scanning directory C:\Users\soloj\Videos\final\ProyectoIntegrador\project
[debug] [Loading] Found non-root projects 
[debug] [Loading] Done in C:\Users\soloj\Videos\final\ProyectoIntegrador\project, returning: ()
[debug] deducing auto plugins based on known facts Set(Atom(sbt.plugins.CorePlugin)) and clauses Clauses(Clause(Atom(sbt.plugins.JvmPlugin),Set(Atom(sbt.plugins.IvyPlugin)))
[debug] Clause(Atom(sbt.ScriptedPlugin),Set(Atom(sbt.plugins.JvmPlugin)))
[debug] Clause(Atom(sbt.plugins.SbtPlugin),Set(Atom(sbt.ScriptedPlugin)))
[debug] Clause(Atom(sbt.plugins.SemanticdbPlugin),Set(Atom(sbt.plugins.JvmPlugin)))
[debug] Clause(Atom(sbt.plugins.JUnitXmlReportPlugin),Set(Atom(sbt.plugins.JvmPlugin)))
[debug] Clause(Atom(sbt.plugins.MiniDependencyTreePlugin),Set(Atom(sbt.plugins.JvmPlugin)))
[debug] Clause(Atom(sbt.plugins.CorePlugin),Set(Atom(sbt.plugins.IvyPlugin)))
[debug] Clause(Atom(sbt.plugins.IvyPlugin),Set(Atom(sbt.plugins.JvmPlugin)))
[debug] Clause(Atom(sbt.plugins.JvmPlugin),Set(Atom(sbt.plugins.SemanticdbPlugin)))
[debug] Clause(Atom(sbt.plugins.JvmPlugin),Set(Atom(sbt.plugins.JUnitXmlReportPlugin)))
[debug] Clause(Atom(sbt.plugins.CorePlugin),Set(Atom(sbt.plugins.Giter8TemplatePlugin)))
[debug] Clause(Atom(sbt.plugins.JvmPlugin),Set(Atom(sbt.plugins.MiniDependencyTreePlugin))))
[debug]   :: deduced result: Matched(sbt.plugins.CorePlugin,sbt.plugins.Giter8TemplatePlugin,sbt.plugins.IvyPlugin,sbt.plugins.JvmPlugin,sbt.plugins.MiniDependencyTreePlugin,sbt.plugins.JUnitXmlReportPlugin,sbt.plugins.SemanticdbPlugin)
[debug] Plugins.deducer#function took 16.7027 ms
[debug]               Load.resolveProject(proyectointegrador-build) took 45.9955ms
[debug]             Load.loadTransitive: finalizeProject(Project(id proyectointegrador-build, base: C:\Users\soloj\Videos\final\ProyectoIntegrador\project, plugins: List(<none>))) took 86.412ms
[debug] [Loading] Done in C:\Users\soloj\Videos\final\ProyectoIntegrador\project, returning: (proyectointegrador-build)
[debug]           Load.loadUnit: loadedProjectsRaw took 111.3649ms
[debug]           Load.loadUnit: cleanEvalClasses took 0.2763ms
[debug]         Load.loadUnit(file:/C:/Users/soloj/Videos/final/ProyectoIntegrador/project/, ...) took 230.9095ms
[debug]       Load.apply: load took 460.7977ms
[debug]       Load.apply: resolveProjects took 6.6106ms
[debug]       Load.apply: finalTransforms took 67.1565ms
[debug]       Load.apply: config.delegates took 7.9149ms
[debug]       Load.apply: Def.make(settings)... took 385.6348ms
[debug]       Load.apply: structureIndex took 83.6442ms
[debug]       Load.apply: mkStreams took 1.7178ms
[info] loading project definition from C:\Users\soloj\Videos\final\ProyectoIntegrador\project
[debug] Running task... Cancel: Signal, check cycles: false, forcegc: true
[debug]     Load.loadUnit: plugins took 2936.2223ms
[debug]     Load.loadUnit: defsScala took 0.0054ms
[debug] [Loading] Scanning directory C:\Users\soloj\Videos\final\ProyectoIntegrador
[debug]       Load.loadUnit: mkEval took 5.1221ms
[debug] [Loading] Found root project root w/ remaining 
[debug] deducing auto plugins based on known facts Set(Atom(sbt.plugins.CorePlugin)) and clauses Clauses(Clause(Atom(sbt.plugins.JvmPlugin),Set(Atom(sbt.plugins.IvyPlugin)))
[debug] Clause(Atom(sbt.ScriptedPlugin),Set(Atom(sbt.plugins.JvmPlugin)))
[debug] Clause(Atom(sbt.plugins.SbtPlugin),Set(Atom(sbt.ScriptedPlugin)))
[debug] Clause(Atom(sbt.plugins.SemanticdbPlugin),Set(Atom(sbt.plugins.JvmPlugin)))
[debug] Clause(Atom(sbt.plugins.JUnitXmlReportPlugin),Set(Atom(sbt.plugins.JvmPlugin)))
[debug] Clause(Atom(sbt.plugins.MiniDependencyTreePlugin),Set(Atom(sbt.plugins.JvmPlugin)))
[debug] Clause(Atom(sbt.plugins.CorePlugin),Set(Atom(sbt.plugins.IvyPlugin)))
[debug] Clause(Atom(sbt.plugins.IvyPlugin),Set(Atom(sbt.plugins.JvmPlugin)))
[debug] Clause(Atom(sbt.plugins.JvmPlugin),Set(Atom(sbt.plugins.SemanticdbPlugin)))
[debug] Clause(Atom(sbt.plugins.JvmPlugin),Set(Atom(sbt.plugins.JUnitXmlReportPlugin)))
[debug] Clause(Atom(sbt.plugins.CorePlugin),Set(Atom(sbt.plugins.Giter8TemplatePlugin)))
[debug] Clause(Atom(sbt.plugins.JvmPlugin),Set(Atom(sbt.plugins.MiniDependencyTreePlugin))))
[debug]   :: deduced result: Matched(sbt.plugins.CorePlugin,sbt.plugins.Giter8TemplatePlugin,sbt.plugins.IvyPlugin,sbt.plugins.JvmPlugin,sbt.plugins.MiniDependencyTreePlugin,sbt.plugins.JUnitXmlReportPlugin,sbt.plugins.SemanticdbPlugin)
[debug] Plugins.deducer#function took 2.8851 ms
[info] loading settings for project root from build.sbt ...
[debug]         Load.resolveProject(root) took 2.8146ms
[debug]       Load.loadTransitive: finalizeProject(Project(id root, base: C:\Users\soloj\Videos\final\ProyectoIntegrador, plugins: List(<none>))) took 7.0542ms
[debug] [Loading] Done in C:\Users\soloj\Videos\final\ProyectoIntegrador, returning: (root)
[debug]     Load.loadUnit: loadedProjectsRaw took 2677.1541ms
[debug]     Load.loadUnit: cleanEvalClasses took 12.8159ms
[debug]   Load.loadUnit(file:/C:/Users/soloj/Videos/final/ProyectoIntegrador/, ...) took 5629.0671ms
[debug] Load.apply: load took 5655.8074ms
[debug] Load.apply: resolveProjects took 0.1119ms
[debug] Load.apply: finalTransforms took 13.6791ms
[debug] Load.apply: config.delegates took 0.3624ms
[debug] Load.apply: Def.make(settings)... took 73.6591ms
[debug] Load.apply: structureIndex took 27.0684ms
[debug] Load.apply: mkStreams took 0.0034ms
[info] set current project to ProyectoIntegradorPFR (in build file:/C:/Users/soloj/Videos/final/ProyectoIntegrador/)
[debug] > Exec(sbtPopOnFailure, None, None)
[debug] > Exec(resumeFromFailure, None, None)
[debug] > Exec(notifyUsersAboutShell, None, None)
[debug] > Exec(iflast shell, None, None)
[debug] > Exec(shell, None, None)
[info] sbt server started at local:sbt-server-6084e4ffa34fb5280871
[debug] Writing bsp connection file
[info] started sbt server
